<?xml version="1.1" encoding="UTF-8"?>
<testsuite name="Control.SellCommandTest" tests="1" failures="0" errors="0" timestamp="2013-03-22T05:54:32" hostname="nove-PC" time="0.0">
  <properties/>
  <testcase name="test_sell_the_land" classname="Control.SellCommandTest" time="0.0"/>
  <system-out><![CDATA[]]></system-out>
  <system-err><![CDATA[]]></system-err>
</testsuite>
