<?xml version="1.1" encoding="UTF-8"?>
<testsuite name="Territory.GiftHouseTest" tests="3" failures="0" errors="0" timestamp="2013-03-22T05:54:32" hostname="nove-PC" time="0.001">
  <properties/>
  <testcase name="test_the_choice_is_money" classname="Territory.GiftHouseTest" time="0.0"/>
  <testcase name="test_the_choice_is_point" classname="Territory.GiftHouseTest" time="0.0"/>
  <testcase name="test_the_choice_is_billiken" classname="Territory.GiftHouseTest" time="0.0"/>
  <system-out><![CDATA[]]></system-out>
  <system-err><![CDATA[]]></system-err>
</testsuite>
