<?xml version="1.1" encoding="UTF-8"?>
<testsuite name="Control.BlockCommandTest" tests="6" failures="0" errors="0" timestamp="2013-03-23T03:38:02" hostname="nove-PC" time="0.007">
  <properties/>
  <testcase name="test_owner_of_block_is_player_himself_stop_day_is_0" classname="Control.BlockCommandTest" time="0.005"/>
  <testcase name="test_put_block_successful" classname="Control.BlockCommandTest" time="0.0"/>
  <testcase name="test_terrory_get_display_is_0_after_actCommand" classname="Control.BlockCommandTest" time="0.0"/>
  <testcase name="test_terrory_has_block_0_after_actCommand" classname="Control.BlockCommandTest" time="0.0"/>
  <testcase name="test_player_stop_1_day_after_actCommand" classname="Control.BlockCommandTest" time="0.001"/>
  <testcase name="test_display_when_block_on_terrtory" classname="Control.BlockCommandTest" time="0.0"/>
  <system-out><![CDATA[]]></system-out>
  <system-err><![CDATA[]]></system-err>
</testsuite>
