<?xml version="1.1" encoding="UTF-8"?>
<testsuite name="Territory.MineralEstateTest" tests="1" failures="0" errors="0" timestamp="2013-03-23T03:38:02" hostname="nove-PC" time="0.0">
  <properties/>
  <testcase name="test_function_Enter_Mineral_get_point" classname="Territory.MineralEstateTest" time="0.0"/>
  <system-out><![CDATA[]]></system-out>
  <system-err><![CDATA[]]></system-err>
</testsuite>
