<?xml version="1.1" encoding="UTF-8"?>
<testsuite name="Control.BombCommandTest" tests="7" failures="0" errors="0" timestamp="2013-03-22T05:54:32" hostname="nove-PC" time="0.003">
  <properties/>
  <testcase name="test_terrory_get_display_is_0_after_actCommand" classname="Control.BombCommandTest" time="0.001"/>
  <testcase name="test_owner_of_bomb_is_player_himself_stop_day_is_0" classname="Control.BombCommandTest" time="0.0"/>
  <testcase name="test_player_stop_3_day_after_actCommand" classname="Control.BombCommandTest" time="0.0"/>
  <testcase name="test_display_when_bomb_on_terrtory" classname="Control.BombCommandTest" time="0.0"/>
  <testcase name="test_put_bomb_successful" classname="Control.BombCommandTest" time="0.0"/>
  <testcase name="test_terrory_has_bomb_0_after_actCommand" classname="Control.BombCommandTest" time="0.0"/>
  <testcase name="test_player_put_into_hospital_after_actmand" classname="Control.BombCommandTest" time="0.0"/>
  <system-out><![CDATA[]]></system-out>
  <system-err><![CDATA[]]></system-err>
</testsuite>
